<?xml version="1.0" encoding="UTF-8"?>
<!-- Generated by org.testng.reporters.JUnitXMLReporter -->
<testsuite hostname="NOIKAJAHP2480" ignored="0" name="LandingPage" tests="7" failures="0" timestamp="10 Jan 2018 10:38:13 GMT" time="105.679" errors="0">
  <testcase name="case1" time="6.498" classname="products.Landing_Page_127"/>
  <testcase name="Logo" time="3.543" classname="products.Landing_Page_127"/>
  <testcase name="Verify_Lang_Toggle_Button" time="3.037" classname="products.Landing_Page_127"/>
  <testcase name="Verify_Health_News" time="3.344" classname="products.Landing_Page_127"/>
  <testcase name="Verify_Test_Above_Search" time="3.062" classname="products.Landing_Page_127"/>
  <testcase name="searchBox" time="33.674" classname="products.Landing_Page_127"/>
  <testcase name="Links_Text_and_Links_URL" time="17.885" classname="products.Landing_Page_127"/>
</testsuite> <!-- LandingPage -->
