<?xml version="1.0" encoding="UTF-8"?>
<!-- Generated by org.testng.reporters.JUnitXMLReporter -->
<testsuite hostname="NOIKAJAHP2480" ignored="0" name="MyCheckUps" tests="3" failures="0" timestamp="10 Jan 2018 10:39:23 GMT" time="69.458" errors="0">
  <testcase name="case4" time="7.845" classname="products.MyCheckups_43"/>
  <testcase name="Logo" time="3.947" classname="products.MyCheckups_43"/>
  <testcase name="searchBox" time="36.456" classname="products.MyCheckups_43"/>
</testsuite> <!-- MyCheckUps -->
