<?xml version="1.0" encoding="UTF-8"?>
<!-- Generated by org.testng.reporters.JUnitXMLReporter -->
<testsuite hostname="NOIKAJAHP2480" ignored="0" name="Test" tests="3" failures="0" timestamp="10 Jan 2018 10:33:03 GMT" time="93.05" errors="0">
  <testcase name="case4" time="9.406" classname="products.MyCheckups_43"/>
  <testcase name="Logo" time="4.325" classname="products.MyCheckups_43"/>
  <testcase name="searchBox" time="46.924" classname="products.MyCheckups_43"/>
</testsuite> <!-- Test -->
