<?xml version="1.0" encoding="UTF-8"?>
<testng-results skipped="0" failed="1" ignored="0" total="5" passed="4">
  <reporter-output>
  </reporter-output>
  <suite name="Suite" duration-ms="96771" started-at="2018-04-04T10:06:42Z" finished-at="2018-04-04T10:08:18Z">
    <groups>
    </groups>
    <test name="Search" duration-ms="96771" started-at="2018-04-04T10:06:42Z" finished-at="2018-04-04T10:08:18Z">
      <class name="products.DrugNotes_45">
        <test-method status="PASS" signature="openBrowser(java.lang.String)[pri:0, instance:products.DrugNotes_45@1c62251]" name="openBrowser" is-config="true" duration-ms="55362" started-at="2018-04-04T15:36:42Z" finished-at="2018-04-04T15:37:37Z">
          <params>
            <param index="0">
              <value>
                <![CDATA[chrome]]>
              </value>
            </param>
          </params>
          <reporter-output>
          </reporter-output>
        </test-method> <!-- openBrowser -->
        <test-method status="PASS" signature="drugNotes()[pri:0, instance:products.DrugNotes_45@1c62251]" name="drugNotes" duration-ms="24050" started-at="2018-04-04T15:37:37Z" finished-at="2018-04-04T15:38:01Z">
          <reporter-output>
          </reporter-output>
        </test-method> <!-- drugNotes -->
        <test-method status="PASS" signature="Logo()[pri:1, instance:products.DrugNotes_45@1c62251]" name="Logo" duration-ms="147" started-at="2018-04-04T15:38:01Z" finished-at="2018-04-04T15:38:01Z">
          <reporter-output>
          </reporter-output>
        </test-method> <!-- Logo -->
        <test-method status="FAIL" signature="searchBox()[pri:2, instance:products.DrugNotes_45@1c62251]" name="searchBox" duration-ms="629" started-at="2018-04-04T15:38:01Z" finished-at="2018-04-04T15:38:02Z">
          <exception class="org.openqa.selenium.WebDriverException">
            <message>
              <![CDATA[unknown error: call function result missing 'value'  (Session info: chrome=65.0.3325.181)  (Driver info: chromedriver=2.33.506120 (e3e53437346286c0bc2d2dc9aa4915ba81d9023f),platform=Windows NT 10.0.16299 x86) (WARNING: The server did not provide any stacktrace information)Command duration or timeout: 123 millisecondsBuild info: version: '2.53.0', revision: '35ae25b1534ae328c771e0856c93e187490ca824', time: '2016-03-15 10:43:46'System info: host: 'NOIKAJAHP2480', ip: '172.30.250.79', os.name: 'Windows 10', os.arch: 'x86', os.version: '10.0', java.version: '1.8.0_112'Driver info: org.openqa.selenium.chrome.ChromeDriverCapabilities [{applicationCacheEnabled=false, rotatable=false, mobileEmulationEnabled=false, networkConnectionEnabled=false, chrome={chromedriverVersion=2.33.506120 (e3e53437346286c0bc2d2dc9aa4915ba81d9023f), userDataDir=C:\Users\SUNEEL~1.KUM\AppData\Local\Temp\scoped_dir7732_17857}, takesHeapSnapshot=true, pageLoadStrategy=normal, databaseEnabled=false, handlesAlerts=true, hasTouchScreen=false, version=65.0.3325.181, platform=XP, browserConnectionEnabled=false, nativeEvents=true, acceptSslCerts=true, locationContextEnabled=true, webStorageEnabled=true, browserName=chrome, takesScreenshot=true, javascriptEnabled=true, cssSelectorsEnabled=true, setWindowRect=true, unexpectedAlertBehaviour=}]Session ID: 6a82e9b0cd4f66b90a9a33ae931e4161]]>
            </message>
            <full-stacktrace>
              <![CDATA[org.openqa.selenium.WebDriverException: unknown error: call function result missing 'value'  (Session info: chrome=65.0.3325.181)  (Driver info: chromedriver=2.33.506120 (e3e53437346286c0bc2d2dc9aa4915ba81d9023f),platform=Windows NT 10.0.16299 x86) (WARNING: The server did not provide any stacktrace information)Command duration or timeout: 123 millisecondsBuild info: version: '2.53.0', revision: '35ae25b1534ae328c771e0856c93e187490ca824', time: '2016-03-15 10:43:46'System info: host: 'NOIKAJAHP2480', ip: '172.30.250.79', os.name: 'Windows 10', os.arch: 'x86', os.version: '10.0', java.version: '1.8.0_112'Driver info: org.openqa.selenium.chrome.ChromeDriverCapabilities [{applicationCacheEnabled=false, rotatable=false, mobileEmulationEnabled=false, networkConnectionEnabled=false, chrome={chromedriverVersion=2.33.506120 (e3e53437346286c0bc2d2dc9aa4915ba81d9023f), userDataDir=C:\Users\SUNEEL~1.KUM\AppData\Local\Temp\scoped_dir7732_17857}, takesHeapSnapshot=true, pageLoadStrategy=normal, databaseEnabled=false, handlesAlerts=true, hasTouchScreen=false, version=65.0.3325.181, platform=XP, browserConnectionEnabled=false, nativeEvents=true, acceptSslCerts=true, locationContextEnabled=true, webStorageEnabled=true, browserName=chrome, takesScreenshot=true, javascriptEnabled=true, cssSelectorsEnabled=true, setWindowRect=true, unexpectedAlertBehaviour=}]Session ID: 6a82e9b0cd4f66b90a9a33ae931e4161at sun.reflect.NativeConstructorAccessorImpl.newInstance0(Native Method)at sun.reflect.NativeConstructorAccessorImpl.newInstance(NativeConstructorAccessorImpl.java:62)at sun.reflect.DelegatingConstructorAccessorImpl.newInstance(DelegatingConstructorAccessorImpl.java:45)at java.lang.reflect.Constructor.newInstance(Constructor.java:423)at org.openqa.selenium.remote.ErrorHandler.createThrowable(ErrorHandler.java:206)at org.openqa.selenium.remote.ErrorHandler.throwIfResponseFailed(ErrorHandler.java:158)at org.openqa.selenium.remote.RemoteWebDriver.execute(RemoteWebDriver.java:678)at org.openqa.selenium.remote.RemoteWebElement.execute(RemoteWebElement.java:327)at org.openqa.selenium.remote.RemoteWebElement.sendKeys(RemoteWebElement.java:122)at repository.Keywords.enter_Text(Keywords.java:81)at products.DrugNotes_45.searchBox(DrugNotes_45.java:43)at sun.reflect.NativeMethodAccessorImpl.invoke0(Native Method)at sun.reflect.NativeMethodAccessorImpl.invoke(NativeMethodAccessorImpl.java:62)at sun.reflect.DelegatingMethodAccessorImpl.invoke(DelegatingMethodAccessorImpl.java:43)at java.lang.reflect.Method.invoke(Method.java:498)at org.testng.internal.MethodInvocationHelper.invokeMethod(MethodInvocationHelper.java:124)at org.testng.internal.Invoker.invokeMethod(Invoker.java:571)at org.testng.internal.Invoker.invokeTestMethod(Invoker.java:707)at org.testng.internal.Invoker.invokeTestMethods(Invoker.java:979)at org.testng.internal.TestMethodWorker.invokeTestMethods(TestMethodWorker.java:125)at org.testng.internal.TestMethodWorker.run(TestMethodWorker.java:109)at org.testng.TestRunner.privateRun(TestRunner.java:648)at org.testng.TestRunner.run(TestRunner.java:505)at org.testng.SuiteRunner.runTest(SuiteRunner.java:455)at org.testng.SuiteRunner.runSequentially(SuiteRunner.java:450)at org.testng.SuiteRunner.privateRun(SuiteRunner.java:415)at org.testng.SuiteRunner.run(SuiteRunner.java:364)at org.testng.SuiteRunnerWorker.runSuite(SuiteRunnerWorker.java:52)at org.testng.SuiteRunnerWorker.run(SuiteRunnerWorker.java:84)at org.testng.TestNG.runSuitesSequentially(TestNG.java:1187)at org.testng.TestNG.runSuitesLocally(TestNG.java:1116)at org.testng.TestNG.runSuites(TestNG.java:1028)at org.testng.TestNG.run(TestNG.java:996)at org.testng.remote.AbstractRemoteTestNG.run(AbstractRemoteTestNG.java:114)at org.testng.remote.RemoteTestNG.initAndRun(RemoteTestNG.java:251)at org.testng.remote.RemoteTestNG.main(RemoteTestNG.java:77)]]>
            </full-stacktrace>
          </exception> <!-- org.openqa.selenium.WebDriverException -->
          <reporter-output>
          </reporter-output>
        </test-method> <!-- searchBox -->
        <test-method status="PASS" signature="drugNote_HomePage()[pri:3, instance:products.DrugNotes_45@1c62251]" name="drugNote_HomePage" duration-ms="760" started-at="2018-04-04T15:38:02Z" finished-at="2018-04-04T15:38:03Z">
          <reporter-output>
          </reporter-output>
        </test-method> <!-- drugNote_HomePage -->
        <test-method status="PASS" signature="drugNotes_SecondaryPage()[pri:4, instance:products.DrugNotes_45@1c62251]" name="drugNotes_SecondaryPage" duration-ms="13197" started-at="2018-04-04T15:38:03Z" finished-at="2018-04-04T15:38:16Z">
          <reporter-output>
          </reporter-output>
        </test-method> <!-- drugNotes_SecondaryPage -->
        <test-method status="PASS" signature="clsBrowser()[pri:0, instance:products.DrugNotes_45@1c62251]" name="clsBrowser" is-config="true" duration-ms="2568" started-at="2018-04-04T15:38:16Z" finished-at="2018-04-04T15:38:18Z">
          <reporter-output>
          </reporter-output>
        </test-method> <!-- clsBrowser -->
      </class> <!-- products.DrugNotes_45 -->
    </test> <!-- Search -->
  </suite> <!-- Suite -->
</testng-results>
